TN:
SF:/Users/jackdeadman/Desktop/natural-deduction-v2/src/js/classes/Parse/Expression.js
FN:2,_size
FN:9,needsBrackets
FN:13,walkTree
FN:47,Expression
FNF:4
FNH:1
FNDA:0,_size
FNDA:0,needsBrackets
FNDA:0,walkTree
FNDA:20,Expression
DA:3,0
DA:4,0
DA:6,0
DA:10,0
DA:15,0
DA:16,0
DA:17,0
DA:20,0
DA:21,0
DA:23,0
DA:25,0
DA:26,0
DA:29,0
DA:30,0
DA:32,0
DA:35,0
DA:36,0
DA:38,0
DA:40,0
DA:41,0
DA:47,20
DA:49,20
DA:50,20
DA:52,20
DA:54,3
DA:55,17
DA:57,5
DA:58,5
DA:63,0
DA:64,0
DA:65,0
DA:67,0
DA:69,0
DA:74,0
DA:78,0
DA:82,0
DA:83,0
DA:84,0
LF:38
LH:8
BRDA:3,1,0,0
BRDA:3,1,1,0
BRDA:10,2,0,0
BRDA:10,2,1,0
BRDA:15,3,0,0
BRDA:15,3,1,0
BRDA:20,4,0,0
BRDA:20,4,1,0
BRDA:25,5,0,0
BRDA:25,5,1,0
BRDA:29,6,0,0
BRDA:29,6,1,0
BRDA:35,7,0,0
BRDA:35,7,1,0
BRDA:40,8,0,0
BRDA:40,8,1,0
BRDA:52,9,0,3
BRDA:52,9,1,17
BRDA:55,10,0,5
BRDA:55,10,1,12
BRDA:63,11,0,0
BRDA:63,11,1,0
BRDA:63,12,0,0
BRDA:63,12,1,0
BRDA:64,13,0,0
BRDA:64,13,1,0
BRDA:64,14,0,0
BRDA:64,14,1,0
BRDA:69,15,0,0
BRDA:69,15,1,0
BRDA:69,15,2,0
BRF:31
BRH:4
end_of_record
TN:
SF:/Users/jackdeadman/Desktop/natural-deduction-v2/src/js/classes/Parse/LogicExpressionParser.js
FN:5,LogicExpresssionParser
FN:12,(anonymous_11)
FNF:2
FNH:2
FNDA:9,LogicExpresssionParser
FNDA:45,(anonymous_11)
DA:1,1
DA:2,1
DA:5,18
DA:12,45
DA:13,9
DA:14,9
DA:15,9
DA:19,9
DA:20,9
DA:21,4
DA:23,5
LF:11
LH:11
BRF:0
BRH:0
end_of_record
TN:
SF:/Users/jackdeadman/Desktop/natural-deduction-v2/src/js/classes/Parse/LogicOperatorSet.js
FN:5,LogicOperatorSet
FNF:1
FNH:1
FNDA:1,LogicOperatorSet
DA:1,1
DA:2,1
DA:5,2
DA:6,1
LF:4
LH:4
BRF:0
BRH:0
end_of_record
TN:
SF:/Users/jackdeadman/Desktop/natural-deduction-v2/src/js/classes/Parse/Operator.js
FNF:0
FNH:0
DA:2,20
DA:3,5
DA:4,5
DA:5,5
DA:6,5
LF:5
LH:5
BRF:0
BRH:0
end_of_record
TN:
SF:/Users/jackdeadman/Desktop/natural-deduction-v2/src/js/classes/Parse/OperatorSet.js
FN:5,OperatorSet
FN:12,(anonymous_8)
FN:31,(anonymous_12)
FNF:3
FNH:3
FNDA:1,OperatorSet
FNDA:5,(anonymous_8)
FNDA:168,(anonymous_12)
DA:1,1
DA:5,2
DA:6,1
DA:12,1
DA:13,5
DA:26,11
DA:31,168
LF:7
LH:7
BRF:0
BRH:0
end_of_record
TN:
SF:/Users/jackdeadman/Desktop/natural-deduction-v2/src/js/classes/Parse/Parser.js
FN:6,Parser
FNF:1
FNH:1
FNDA:9,Parser
DA:3,1
DA:6,9
DA:7,9
DA:24,12
DA:26,12
DA:27,0
DA:29,12
DA:30,4
DA:31,4
DA:33,3
DA:34,8
DA:35,8
DA:36,8
DA:37,8
DA:38,3
DA:39,5
DA:44,9
DA:45,9
DA:46,9
DA:48,9
DA:49,31
DA:50,31
DA:51,31
DA:54,31
DA:55,11
DA:56,8
DA:58,3
DA:62,20
DA:63,3
DA:64,4
DA:67,2
DA:68,17
DA:72,5
DA:73,4
DA:75,1
DA:76,1
DA:80,12
DA:85,8
DA:86,7
DA:88,5
DA:90,5
DA:91,1
DA:93,4
LF:43
LH:42
BRDA:26,1,0,0
BRDA:26,1,1,12
BRDA:29,2,0,4
BRDA:29,2,1,8
BRDA:31,3,0,1
BRDA:31,3,1,3
BRDA:34,4,0,8
BRDA:34,4,1,0
BRDA:37,5,0,3
BRDA:37,5,1,5
BRDA:37,6,0,8
BRDA:37,6,1,5
BRDA:54,7,0,11
BRDA:54,7,1,20
BRDA:54,8,0,31
BRDA:54,8,1,28
BRDA:54,8,2,11
BRDA:55,9,0,8
BRDA:55,9,1,3
BRDA:62,10,0,3
BRDA:62,10,1,17
BRDA:68,11,0,5
BRDA:68,11,1,12
BRDA:72,12,0,4
BRDA:72,12,1,1
BRDA:72,13,0,5
BRDA:72,13,1,2
BRDA:90,14,0,1
BRDA:90,14,1,4
BRF:29
BRH:27
end_of_record
